<?xml version="1.0" encoding="UTF-8"?>
<testng-results ignored="0" total="1" passed="1" failed="0" skipped="0">
  <reporter-output>
  </reporter-output>
  <suite started-at="2024-05-30T12:29:39Z" name="Default suite" finished-at="2024-05-30T12:30:00Z" duration-ms="21130">
    <groups>
    </groups>
    <test started-at="2024-05-30T12:29:39Z" name="Default test" finished-at="2024-05-30T12:30:00Z" duration-ms="21130">
      <class name="operations.GitPrograms">
        <test-method signature="setup()[pri:0, instance:operations.GitPrograms@78641d23]" started-at="2024-05-30T12:29:39Z" name="setup" finished-at="2024-05-30T12:30:00Z" duration-ms="21049" status="PASS">
          <reporter-output>
          </reporter-output>
        </test-method> <!-- setup -->
      </class> <!-- operations.GitPrograms -->
    </test> <!-- Default test -->
  </suite> <!-- Default suite -->
</testng-results>
